# Logfile created on 2014-04-11 12:35:18 +0530 by logger.rb/31641
I, [2014-04-11T12:35:18.819752 #52476]  INFO -- : 0:  rake (10.2.2) from /Users/agupta13/.rvm/gems/ruby-1.9.3-p484/specifications/rake-10.2.2.gemspec
I, [2014-04-11T12:35:18.820211 #52476]  INFO -- : 0:  i18n (0.6.9) from /Users/agupta13/.rvm/gems/ruby-1.9.3-p484/specifications/i18n-0.6.9.gemspec
I, [2014-04-11T12:35:24.627501 #52476]  INFO -- : 0:  multi_json (1.9.2) from /Users/agupta13/.rvm/gems/ruby-1.9.3-p484/specifications/multi_json-1.9.2.gemspec
I, [2014-04-11T12:35:28.802191 #52476]  INFO -- : 0:  activesupport (3.2.17) from /Users/agupta13/.rvm/gems/ruby-1.9.3-p484/specifications/activesupport-3.2.17.gemspec
I, [2014-04-11T12:35:28.802604 #52476]  INFO -- : 0:  bundler (1.5.1) from /Users/agupta13/.rvm/gems/ruby-1.9.3-p484/specifications/bundler-1.5.1.gemspec
I, [2014-04-11T12:35:28.802888 #52476]  INFO -- : 0:  rack (1.5.2) from /Users/agupta13/.rvm/gems/ruby-1.9.3-p484/specifications/rack-1.5.2.gemspec
I, [2014-04-11T12:35:28.803157 #52476]  INFO -- : 0:  url_mount (0.2.1) from /Users/agupta13/.rvm/gems/ruby-1.9.3-p484/specifications/url_mount-0.2.1.gemspec
I, [2014-04-11T12:35:32.734195 #52476]  INFO -- : 0:  http_router (0.11.1) from /Users/agupta13/.rvm/gems/ruby-1.9.3-p484/specifications/http_router-0.11.1.gemspec
I, [2014-04-11T12:35:32.734673 #52476]  INFO -- : 0:  mime-types (1.25.1) from /Users/agupta13/.rvm/gems/ruby-1.9.3-p484/specifications/mime-types-1.25.1.gemspec
I, [2014-04-11T12:35:35.326210 #52476]  INFO -- : 0:  polyglot (0.3.4) from /Users/agupta13/.rvm/gems/ruby-1.9.3-p484/specifications/polyglot-0.3.4.gemspec
I, [2014-04-11T12:35:35.326702 #52476]  INFO -- : 0:  treetop (1.4.15) from /Users/agupta13/.rvm/gems/ruby-1.9.3-p484/specifications/treetop-1.4.15.gemspec
I, [2014-04-11T12:35:35.327029 #52476]  INFO -- : 0:  mail (2.5.4) from /Users/agupta13/.rvm/gems/ruby-1.9.3-p484/specifications/mail-2.5.4.gemspec
I, [2014-04-11T12:35:38.147849 #52476]  INFO -- : 0:  rack-protection (1.5.3) from /Users/agupta13/.rvm/gems/ruby-1.9.3-p484/specifications/rack-protection-1.5.3.gemspec
I, [2014-04-11T12:35:38.148317 #52476]  INFO -- : 0:  tilt (1.4.1) from /Users/agupta13/.rvm/gems/ruby-1.9.3-p484/specifications/tilt-1.4.1.gemspec
I, [2014-04-11T12:35:42.520512 #52476]  INFO -- : 0:  sinatra (1.4.5) from /Users/agupta13/.rvm/gems/ruby-1.9.3-p484/specifications/sinatra-1.4.5.gemspec
I, [2014-04-11T12:35:42.520973 #52476]  INFO -- : 0:  thor (0.17.0) from /Users/agupta13/.rvm/gems/ruby-1.9.3-p484/specifications/thor-0.17.0.gemspec
I, [2014-04-11T12:35:42.521264 #52476]  INFO -- : 0:  padrino-core (0.11.4) from /Users/agupta13/.rvm/gems/ruby-1.9.3-p484/specifications/padrino-core-0.11.4.gemspec
I, [2014-04-11T12:35:42.521560 #52476]  INFO -- : 0:  padrino-helpers (0.11.4) from /Users/agupta13/.rvm/gems/ruby-1.9.3-p484/specifications/padrino-helpers-0.11.4.gemspec
I, [2014-04-11T12:35:42.521829 #52476]  INFO -- : 0:  padrino-admin (0.11.4) from /Users/agupta13/.rvm/gems/ruby-1.9.3-p484/specifications/padrino-admin-0.11.4.gemspec
I, [2014-04-11T12:35:42.522091 #52476]  INFO -- : 0:  padrino-cache (0.11.4) from /Users/agupta13/.rvm/gems/ruby-1.9.3-p484/specifications/padrino-cache-0.11.4.gemspec
I, [2014-04-11T12:35:42.522352 #52476]  INFO -- : 0:  padrino-gen (0.11.4) from /Users/agupta13/.rvm/gems/ruby-1.9.3-p484/specifications/padrino-gen-0.11.4.gemspec
I, [2014-04-11T12:35:42.522616 #52476]  INFO -- : 0:  padrino-mailer (0.11.4) from /Users/agupta13/.rvm/gems/ruby-1.9.3-p484/specifications/padrino-mailer-0.11.4.gemspec
I, [2014-04-11T12:35:42.522876 #52476]  INFO -- : 0:  padrino (0.11.4) from /Users/agupta13/.rvm/gems/ruby-1.9.3-p484/specifications/padrino-0.11.4.gemspec
I, [2014-04-11T12:35:42.523138 #52476]  INFO -- : 0:  rest-client (1.6.7) from /Users/agupta13/.rvm/gems/ruby-1.9.3-p484/specifications/rest-client-1.6.7.gemspec
I, [2014-04-11T12:35:42.523400 #52476]  INFO -- : 0:  temple (0.6.7) from /Users/agupta13/.rvm/gems/ruby-1.9.3-p484/specifications/temple-0.6.7.gemspec
I, [2014-04-11T12:35:42.523660 #52476]  INFO -- : 0:  slim (2.0.2) from /Users/agupta13/.rvm/gems/ruby-1.9.3-p484/specifications/slim-2.0.2.gemspec
I, [2014-04-11T12:47:50.378022 #54716]  INFO -- : 0:  rake (10.2.2) from /Users/agupta13/.rvm/gems/ruby-1.9.3-p484/specifications/rake-10.2.2.gemspec
I, [2014-04-11T12:47:50.378520 #54716]  INFO -- : 0:  i18n (0.6.9) from /Users/agupta13/.rvm/gems/ruby-1.9.3-p484/specifications/i18n-0.6.9.gemspec
I, [2014-04-11T12:47:50.378870 #54716]  INFO -- : 0:  multi_json (1.9.2) from /Users/agupta13/.rvm/gems/ruby-1.9.3-p484/specifications/multi_json-1.9.2.gemspec
I, [2014-04-11T12:47:50.379195 #54716]  INFO -- : 0:  activesupport (3.2.17) from /Users/agupta13/.rvm/gems/ruby-1.9.3-p484/specifications/activesupport-3.2.17.gemspec
I, [2014-04-11T12:47:50.379512 #54716]  INFO -- : 0:  bundler (1.5.1) from /Users/agupta13/.rvm/gems/ruby-1.9.3-p484/specifications/bundler-1.5.1.gemspec
I, [2014-04-11T12:47:50.379785 #54716]  INFO -- : 0:  rack (1.5.2) from /Users/agupta13/.rvm/gems/ruby-1.9.3-p484/specifications/rack-1.5.2.gemspec
I, [2014-04-11T12:47:50.380064 #54716]  INFO -- : 0:  url_mount (0.2.1) from /Users/agupta13/.rvm/gems/ruby-1.9.3-p484/specifications/url_mount-0.2.1.gemspec
I, [2014-04-11T12:47:50.380347 #54716]  INFO -- : 0:  http_router (0.11.1) from /Users/agupta13/.rvm/gems/ruby-1.9.3-p484/specifications/http_router-0.11.1.gemspec
I, [2014-04-11T12:47:50.380629 #54716]  INFO -- : 0:  json (1.8.1) from /Users/agupta13/.rvm/gems/ruby-1.9.3-p484/specifications/json-1.8.1.gemspec
I, [2014-04-11T12:47:54.188496 #54716]  INFO -- : 0:  multi_xml (0.5.5) from /Users/agupta13/.rvm/gems/ruby-1.9.3-p484/specifications/multi_xml-0.5.5.gemspec
I, [2014-04-11T12:47:58.458596 #54716]  INFO -- : 0:  httparty (0.13.1) from /Users/agupta13/.rvm/gems/ruby-1.9.3-p484/specifications/httparty-0.13.1.gemspec
I, [2014-04-11T12:47:58.459065 #54716]  INFO -- : 0:  mime-types (1.25.1) from /Users/agupta13/.rvm/gems/ruby-1.9.3-p484/specifications/mime-types-1.25.1.gemspec
I, [2014-04-11T12:47:58.459349 #54716]  INFO -- : 0:  polyglot (0.3.4) from /Users/agupta13/.rvm/gems/ruby-1.9.3-p484/specifications/polyglot-0.3.4.gemspec
I, [2014-04-11T12:47:58.459623 #54716]  INFO -- : 0:  treetop (1.4.15) from /Users/agupta13/.rvm/gems/ruby-1.9.3-p484/specifications/treetop-1.4.15.gemspec
I, [2014-04-11T12:47:58.459891 #54716]  INFO -- : 0:  mail (2.5.4) from /Users/agupta13/.rvm/gems/ruby-1.9.3-p484/specifications/mail-2.5.4.gemspec
I, [2014-04-11T12:47:58.460165 #54716]  INFO -- : 0:  rack-protection (1.5.3) from /Users/agupta13/.rvm/gems/ruby-1.9.3-p484/specifications/rack-protection-1.5.3.gemspec
I, [2014-04-11T12:47:58.460429 #54716]  INFO -- : 0:  tilt (1.4.1) from /Users/agupta13/.rvm/gems/ruby-1.9.3-p484/specifications/tilt-1.4.1.gemspec
I, [2014-04-11T12:47:58.460697 #54716]  INFO -- : 0:  sinatra (1.4.5) from /Users/agupta13/.rvm/gems/ruby-1.9.3-p484/specifications/sinatra-1.4.5.gemspec
I, [2014-04-11T12:47:58.460968 #54716]  INFO -- : 0:  thor (0.17.0) from /Users/agupta13/.rvm/gems/ruby-1.9.3-p484/specifications/thor-0.17.0.gemspec
I, [2014-04-11T12:47:58.461233 #54716]  INFO -- : 0:  padrino-core (0.11.4) from /Users/agupta13/.rvm/gems/ruby-1.9.3-p484/specifications/padrino-core-0.11.4.gemspec
I, [2014-04-11T12:47:58.461499 #54716]  INFO -- : 0:  padrino-helpers (0.11.4) from /Users/agupta13/.rvm/gems/ruby-1.9.3-p484/specifications/padrino-helpers-0.11.4.gemspec
I, [2014-04-11T12:47:58.461763 #54716]  INFO -- : 0:  padrino-admin (0.11.4) from /Users/agupta13/.rvm/gems/ruby-1.9.3-p484/specifications/padrino-admin-0.11.4.gemspec
I, [2014-04-11T12:47:58.462029 #54716]  INFO -- : 0:  padrino-cache (0.11.4) from /Users/agupta13/.rvm/gems/ruby-1.9.3-p484/specifications/padrino-cache-0.11.4.gemspec
I, [2014-04-11T12:47:58.462295 #54716]  INFO -- : 0:  padrino-gen (0.11.4) from /Users/agupta13/.rvm/gems/ruby-1.9.3-p484/specifications/padrino-gen-0.11.4.gemspec
I, [2014-04-11T12:47:58.462560 #54716]  INFO -- : 0:  padrino-mailer (0.11.4) from /Users/agupta13/.rvm/gems/ruby-1.9.3-p484/specifications/padrino-mailer-0.11.4.gemspec
I, [2014-04-11T12:47:58.462822 #54716]  INFO -- : 0:  padrino (0.11.4) from /Users/agupta13/.rvm/gems/ruby-1.9.3-p484/specifications/padrino-0.11.4.gemspec
I, [2014-04-11T12:47:58.463102 #54716]  INFO -- : 0:  temple (0.6.7) from /Users/agupta13/.rvm/gems/ruby-1.9.3-p484/specifications/temple-0.6.7.gemspec
I, [2014-04-11T12:47:58.463365 #54716]  INFO -- : 0:  slim (2.0.2) from /Users/agupta13/.rvm/gems/ruby-1.9.3-p484/specifications/slim-2.0.2.gemspec
I, [2014-04-11T17:16:49.341065 #80611]  INFO -- : 0:  rake (10.2.2) from /Users/agupta13/.rvm/gems/ruby-1.9.3-p484/specifications/rake-10.2.2.gemspec
I, [2014-04-11T17:16:49.341511 #80611]  INFO -- : 0:  i18n (0.6.9) from /Users/agupta13/.rvm/gems/ruby-1.9.3-p484/specifications/i18n-0.6.9.gemspec
I, [2014-04-11T17:16:49.341802 #80611]  INFO -- : 0:  multi_json (1.9.2) from /Users/agupta13/.rvm/gems/ruby-1.9.3-p484/specifications/multi_json-1.9.2.gemspec
I, [2014-04-11T17:16:49.342080 #80611]  INFO -- : 0:  activesupport (3.2.17) from /Users/agupta13/.rvm/gems/ruby-1.9.3-p484/specifications/activesupport-3.2.17.gemspec
I, [2014-04-11T17:16:49.342350 #80611]  INFO -- : 0:  bundler (1.5.1) from /Users/agupta13/.rvm/gems/ruby-1.9.3-p484/specifications/bundler-1.5.1.gemspec
I, [2014-04-11T17:16:49.342618 #80611]  INFO -- : 0:  rack (1.5.2) from /Users/agupta13/.rvm/gems/ruby-1.9.3-p484/specifications/rack-1.5.2.gemspec
I, [2014-04-11T17:16:49.342884 #80611]  INFO -- : 0:  url_mount (0.2.1) from /Users/agupta13/.rvm/gems/ruby-1.9.3-p484/specifications/url_mount-0.2.1.gemspec
I, [2014-04-11T17:16:49.343155 #80611]  INFO -- : 0:  http_router (0.11.1) from /Users/agupta13/.rvm/gems/ruby-1.9.3-p484/specifications/http_router-0.11.1.gemspec
I, [2014-04-11T17:16:49.343429 #80611]  INFO -- : 0:  json (1.8.1) from /Users/agupta13/.rvm/gems/ruby-1.9.3-p484/specifications/json-1.8.1.gemspec
I, [2014-04-11T17:16:49.343694 #80611]  INFO -- : 0:  multi_xml (0.5.5) from /Users/agupta13/.rvm/gems/ruby-1.9.3-p484/specifications/multi_xml-0.5.5.gemspec
I, [2014-04-11T17:16:49.343957 #80611]  INFO -- : 0:  httparty (0.13.1) from /Users/agupta13/.rvm/gems/ruby-1.9.3-p484/specifications/httparty-0.13.1.gemspec
I, [2014-04-11T17:16:52.270978 #80611]  INFO -- : 0:  logger (1.2.8) from /Users/agupta13/.rvm/gems/ruby-1.9.3-p484/specifications/logger-1.2.8.gemspec
I, [2014-04-11T17:16:52.271411 #80611]  INFO -- : 0:  mime-types (1.25.1) from /Users/agupta13/.rvm/gems/ruby-1.9.3-p484/specifications/mime-types-1.25.1.gemspec
I, [2014-04-11T17:16:52.271702 #80611]  INFO -- : 0:  polyglot (0.3.4) from /Users/agupta13/.rvm/gems/ruby-1.9.3-p484/specifications/polyglot-0.3.4.gemspec
I, [2014-04-11T17:16:52.271986 #80611]  INFO -- : 0:  treetop (1.4.15) from /Users/agupta13/.rvm/gems/ruby-1.9.3-p484/specifications/treetop-1.4.15.gemspec
I, [2014-04-11T17:16:52.272265 #80611]  INFO -- : 0:  mail (2.5.4) from /Users/agupta13/.rvm/gems/ruby-1.9.3-p484/specifications/mail-2.5.4.gemspec
I, [2014-04-11T17:16:52.272548 #80611]  INFO -- : 0:  rack-protection (1.5.3) from /Users/agupta13/.rvm/gems/ruby-1.9.3-p484/specifications/rack-protection-1.5.3.gemspec
I, [2014-04-11T17:16:52.272824 #80611]  INFO -- : 0:  tilt (1.4.1) from /Users/agupta13/.rvm/gems/ruby-1.9.3-p484/specifications/tilt-1.4.1.gemspec
I, [2014-04-11T17:16:52.273100 #80611]  INFO -- : 0:  sinatra (1.4.5) from /Users/agupta13/.rvm/gems/ruby-1.9.3-p484/specifications/sinatra-1.4.5.gemspec
I, [2014-04-11T17:16:52.273373 #80611]  INFO -- : 0:  thor (0.17.0) from /Users/agupta13/.rvm/gems/ruby-1.9.3-p484/specifications/thor-0.17.0.gemspec
I, [2014-04-11T17:16:52.273648 #80611]  INFO -- : 0:  padrino-core (0.11.4) from /Users/agupta13/.rvm/gems/ruby-1.9.3-p484/specifications/padrino-core-0.11.4.gemspec
I, [2014-04-11T17:16:52.273923 #80611]  INFO -- : 0:  padrino-helpers (0.11.4) from /Users/agupta13/.rvm/gems/ruby-1.9.3-p484/specifications/padrino-helpers-0.11.4.gemspec
I, [2014-04-11T17:16:52.274194 #80611]  INFO -- : 0:  padrino-admin (0.11.4) from /Users/agupta13/.rvm/gems/ruby-1.9.3-p484/specifications/padrino-admin-0.11.4.gemspec
I, [2014-04-11T17:16:52.274467 #80611]  INFO -- : 0:  padrino-cache (0.11.4) from /Users/agupta13/.rvm/gems/ruby-1.9.3-p484/specifications/padrino-cache-0.11.4.gemspec
I, [2014-04-11T17:16:52.274758 #80611]  INFO -- : 0:  padrino-gen (0.11.4) from /Users/agupta13/.rvm/gems/ruby-1.9.3-p484/specifications/padrino-gen-0.11.4.gemspec
I, [2014-04-11T17:16:52.275039 #80611]  INFO -- : 0:  padrino-mailer (0.11.4) from /Users/agupta13/.rvm/gems/ruby-1.9.3-p484/specifications/padrino-mailer-0.11.4.gemspec
I, [2014-04-11T17:16:52.275317 #80611]  INFO -- : 0:  padrino (0.11.4) from /Users/agupta13/.rvm/gems/ruby-1.9.3-p484/specifications/padrino-0.11.4.gemspec
I, [2014-04-11T17:16:52.275588 #80611]  INFO -- : 0:  temple (0.6.7) from /Users/agupta13/.rvm/gems/ruby-1.9.3-p484/specifications/temple-0.6.7.gemspec
I, [2014-04-11T17:16:52.275857 #80611]  INFO -- : 0:  slim (2.0.2) from /Users/agupta13/.rvm/gems/ruby-1.9.3-p484/specifications/slim-2.0.2.gemspec
I, [2014-04-11T17:28:45.973969 #82337]  INFO -- : 0:  rake (10.2.2) from /Users/agupta13/.rvm/gems/ruby-1.9.3-p484/specifications/rake-10.2.2.gemspec
I, [2014-04-11T17:28:45.974389 #82337]  INFO -- : 0:  i18n (0.6.9) from /Users/agupta13/.rvm/gems/ruby-1.9.3-p484/specifications/i18n-0.6.9.gemspec
I, [2014-04-11T17:28:45.974713 #82337]  INFO -- : 0:  multi_json (1.9.2) from /Users/agupta13/.rvm/gems/ruby-1.9.3-p484/specifications/multi_json-1.9.2.gemspec
I, [2014-04-11T17:28:45.975029 #82337]  INFO -- : 0:  activesupport (3.2.17) from /Users/agupta13/.rvm/gems/ruby-1.9.3-p484/specifications/activesupport-3.2.17.gemspec
I, [2014-04-11T17:28:45.975304 #82337]  INFO -- : 0:  builder (3.0.4) from /Users/agupta13/.rvm/gems/ruby-1.9.3-p484/specifications/builder-3.0.4.gemspec
I, [2014-04-11T17:28:50.076351 #82337]  INFO -- : 0:  activemodel (3.2.17) from /Users/agupta13/.rvm/gems/ruby-1.9.3-p484/specifications/activemodel-3.2.17.gemspec
I, [2014-04-11T17:28:50.076808 #82337]  INFO -- : 0:  arel (3.0.3) from /Users/agupta13/.rvm/gems/ruby-1.9.3-p484/specifications/arel-3.0.3.gemspec
I, [2014-04-11T17:28:54.405586 #82337]  INFO -- : 0:  tzinfo (0.3.39) from /Users/agupta13/.rvm/gems/ruby-1.9.3-p484/specifications/tzinfo-0.3.39.gemspec
I, [2014-04-11T17:28:58.727580 #82337]  INFO -- : 0:  activerecord (3.2.17) from /Users/agupta13/.rvm/gems/ruby-1.9.3-p484/specifications/activerecord-3.2.17.gemspec
I, [2014-04-11T17:28:58.728017 #82337]  INFO -- : 0:  bundler (1.5.1) from /Users/agupta13/.rvm/gems/ruby-1.9.3-p484/specifications/bundler-1.5.1.gemspec
I, [2014-04-11T17:28:58.728299 #82337]  INFO -- : 0:  rack (1.5.2) from /Users/agupta13/.rvm/gems/ruby-1.9.3-p484/specifications/rack-1.5.2.gemspec
I, [2014-04-11T17:28:58.728572 #82337]  INFO -- : 0:  url_mount (0.2.1) from /Users/agupta13/.rvm/gems/ruby-1.9.3-p484/specifications/url_mount-0.2.1.gemspec
I, [2014-04-11T17:28:58.728844 #82337]  INFO -- : 0:  http_router (0.11.1) from /Users/agupta13/.rvm/gems/ruby-1.9.3-p484/specifications/http_router-0.11.1.gemspec
I, [2014-04-11T17:28:58.729113 #82337]  INFO -- : 0:  json (1.8.1) from /Users/agupta13/.rvm/gems/ruby-1.9.3-p484/specifications/json-1.8.1.gemspec
I, [2014-04-11T17:28:58.729376 #82337]  INFO -- : 0:  multi_xml (0.5.5) from /Users/agupta13/.rvm/gems/ruby-1.9.3-p484/specifications/multi_xml-0.5.5.gemspec
I, [2014-04-11T17:28:58.729636 #82337]  INFO -- : 0:  httparty (0.13.1) from /Users/agupta13/.rvm/gems/ruby-1.9.3-p484/specifications/httparty-0.13.1.gemspec
I, [2014-04-11T17:28:58.729901 #82337]  INFO -- : 0:  mime-types (1.25.1) from /Users/agupta13/.rvm/gems/ruby-1.9.3-p484/specifications/mime-types-1.25.1.gemspec
I, [2014-04-11T17:28:58.730169 #82337]  INFO -- : 0:  polyglot (0.3.4) from /Users/agupta13/.rvm/gems/ruby-1.9.3-p484/specifications/polyglot-0.3.4.gemspec
I, [2014-04-11T17:28:58.730431 #82337]  INFO -- : 0:  treetop (1.4.15) from /Users/agupta13/.rvm/gems/ruby-1.9.3-p484/specifications/treetop-1.4.15.gemspec
I, [2014-04-11T17:28:58.730692 #82337]  INFO -- : 0:  mail (2.5.4) from /Users/agupta13/.rvm/gems/ruby-1.9.3-p484/specifications/mail-2.5.4.gemspec
I, [2014-04-11T17:28:58.730959 #82337]  INFO -- : 0:  rack-protection (1.5.3) from /Users/agupta13/.rvm/gems/ruby-1.9.3-p484/specifications/rack-protection-1.5.3.gemspec
I, [2014-04-11T17:28:58.731237 #82337]  INFO -- : 0:  tilt (1.4.1) from /Users/agupta13/.rvm/gems/ruby-1.9.3-p484/specifications/tilt-1.4.1.gemspec
I, [2014-04-11T17:28:58.731502 #82337]  INFO -- : 0:  sinatra (1.4.5) from /Users/agupta13/.rvm/gems/ruby-1.9.3-p484/specifications/sinatra-1.4.5.gemspec
I, [2014-04-11T17:28:58.731764 #82337]  INFO -- : 0:  thor (0.17.0) from /Users/agupta13/.rvm/gems/ruby-1.9.3-p484/specifications/thor-0.17.0.gemspec
I, [2014-04-11T17:28:58.732024 #82337]  INFO -- : 0:  padrino-core (0.11.4) from /Users/agupta13/.rvm/gems/ruby-1.9.3-p484/specifications/padrino-core-0.11.4.gemspec
I, [2014-04-11T17:28:58.732282 #82337]  INFO -- : 0:  padrino-helpers (0.11.4) from /Users/agupta13/.rvm/gems/ruby-1.9.3-p484/specifications/padrino-helpers-0.11.4.gemspec
I, [2014-04-11T17:28:58.732547 #82337]  INFO -- : 0:  padrino-admin (0.11.4) from /Users/agupta13/.rvm/gems/ruby-1.9.3-p484/specifications/padrino-admin-0.11.4.gemspec
I, [2014-04-11T17:28:58.732807 #82337]  INFO -- : 0:  padrino-cache (0.11.4) from /Users/agupta13/.rvm/gems/ruby-1.9.3-p484/specifications/padrino-cache-0.11.4.gemspec
I, [2014-04-11T17:28:58.733067 #82337]  INFO -- : 0:  padrino-gen (0.11.4) from /Users/agupta13/.rvm/gems/ruby-1.9.3-p484/specifications/padrino-gen-0.11.4.gemspec
I, [2014-04-11T17:28:58.733328 #82337]  INFO -- : 0:  padrino-mailer (0.11.4) from /Users/agupta13/.rvm/gems/ruby-1.9.3-p484/specifications/padrino-mailer-0.11.4.gemspec
I, [2014-04-11T17:28:58.733588 #82337]  INFO -- : 0:  padrino (0.11.4) from /Users/agupta13/.rvm/gems/ruby-1.9.3-p484/specifications/padrino-0.11.4.gemspec
I, [2014-04-11T17:28:58.733847 #82337]  INFO -- : 0:  temple (0.6.7) from /Users/agupta13/.rvm/gems/ruby-1.9.3-p484/specifications/temple-0.6.7.gemspec
I, [2014-04-11T17:28:58.734109 #82337]  INFO -- : 0:  slim (2.0.2) from /Users/agupta13/.rvm/gems/ruby-1.9.3-p484/specifications/slim-2.0.2.gemspec
I, [2014-04-11T17:37:24.443169 #83926]  INFO -- : 0:  rake (10.2.2) from /Users/agupta13/.rvm/gems/ruby-1.9.3-p484/specifications/rake-10.2.2.gemspec
I, [2014-04-11T17:37:24.443656 #83926]  INFO -- : 0:  i18n (0.6.9) from /Users/agupta13/.rvm/gems/ruby-1.9.3-p484/specifications/i18n-0.6.9.gemspec
I, [2014-04-11T17:37:24.443965 #83926]  INFO -- : 0:  multi_json (1.9.2) from /Users/agupta13/.rvm/gems/ruby-1.9.3-p484/specifications/multi_json-1.9.2.gemspec
I, [2014-04-11T17:37:24.444244 #83926]  INFO -- : 0:  activesupport (3.2.17) from /Users/agupta13/.rvm/gems/ruby-1.9.3-p484/specifications/activesupport-3.2.17.gemspec
I, [2014-04-11T17:37:24.444508 #83926]  INFO -- : 0:  bundler (1.5.1) from /Users/agupta13/.rvm/gems/ruby-1.9.3-p484/specifications/bundler-1.5.1.gemspec
I, [2014-04-11T17:37:24.444787 #83926]  INFO -- : 0:  rack (1.5.2) from /Users/agupta13/.rvm/gems/ruby-1.9.3-p484/specifications/rack-1.5.2.gemspec
I, [2014-04-11T17:37:24.445061 #83926]  INFO -- : 0:  url_mount (0.2.1) from /Users/agupta13/.rvm/gems/ruby-1.9.3-p484/specifications/url_mount-0.2.1.gemspec
I, [2014-04-11T17:37:24.445343 #83926]  INFO -- : 0:  http_router (0.11.1) from /Users/agupta13/.rvm/gems/ruby-1.9.3-p484/specifications/http_router-0.11.1.gemspec
I, [2014-04-11T17:37:24.445629 #83926]  INFO -- : 0:  json (1.8.1) from /Users/agupta13/.rvm/gems/ruby-1.9.3-p484/specifications/json-1.8.1.gemspec
I, [2014-04-11T17:37:24.445989 #83926]  INFO -- : 0:  multi_xml (0.5.5) from /Users/agupta13/.rvm/gems/ruby-1.9.3-p484/specifications/multi_xml-0.5.5.gemspec
I, [2014-04-11T17:37:24.446426 #83926]  INFO -- : 0:  httparty (0.13.1) from /Users/agupta13/.rvm/gems/ruby-1.9.3-p484/specifications/httparty-0.13.1.gemspec
I, [2014-04-11T17:37:24.446726 #83926]  INFO -- : 0:  mime-types (1.25.1) from /Users/agupta13/.rvm/gems/ruby-1.9.3-p484/specifications/mime-types-1.25.1.gemspec
I, [2014-04-11T17:37:24.447032 #83926]  INFO -- : 0:  polyglot (0.3.4) from /Users/agupta13/.rvm/gems/ruby-1.9.3-p484/specifications/polyglot-0.3.4.gemspec
I, [2014-04-11T17:37:24.447311 #83926]  INFO -- : 0:  treetop (1.4.15) from /Users/agupta13/.rvm/gems/ruby-1.9.3-p484/specifications/treetop-1.4.15.gemspec
I, [2014-04-11T17:37:24.447616 #83926]  INFO -- : 0:  mail (2.5.4) from /Users/agupta13/.rvm/gems/ruby-1.9.3-p484/specifications/mail-2.5.4.gemspec
I, [2014-04-11T17:37:24.447913 #83926]  INFO -- : 0:  rack-protection (1.5.3) from /Users/agupta13/.rvm/gems/ruby-1.9.3-p484/specifications/rack-protection-1.5.3.gemspec
I, [2014-04-11T17:37:24.448193 #83926]  INFO -- : 0:  tilt (1.4.1) from /Users/agupta13/.rvm/gems/ruby-1.9.3-p484/specifications/tilt-1.4.1.gemspec
I, [2014-04-11T17:37:24.448500 #83926]  INFO -- : 0:  sinatra (1.4.5) from /Users/agupta13/.rvm/gems/ruby-1.9.3-p484/specifications/sinatra-1.4.5.gemspec
I, [2014-04-11T17:37:24.448783 #83926]  INFO -- : 0:  thor (0.17.0) from /Users/agupta13/.rvm/gems/ruby-1.9.3-p484/specifications/thor-0.17.0.gemspec
I, [2014-04-11T17:37:24.449065 #83926]  INFO -- : 0:  padrino-core (0.11.4) from /Users/agupta13/.rvm/gems/ruby-1.9.3-p484/specifications/padrino-core-0.11.4.gemspec
I, [2014-04-11T17:37:24.449345 #83926]  INFO -- : 0:  padrino-helpers (0.11.4) from /Users/agupta13/.rvm/gems/ruby-1.9.3-p484/specifications/padrino-helpers-0.11.4.gemspec
I, [2014-04-11T17:37:24.449687 #83926]  INFO -- : 0:  padrino-admin (0.11.4) from /Users/agupta13/.rvm/gems/ruby-1.9.3-p484/specifications/padrino-admin-0.11.4.gemspec
I, [2014-04-11T17:37:24.450028 #83926]  INFO -- : 0:  padrino-cache (0.11.4) from /Users/agupta13/.rvm/gems/ruby-1.9.3-p484/specifications/padrino-cache-0.11.4.gemspec
I, [2014-04-11T17:37:24.450321 #83926]  INFO -- : 0:  padrino-gen (0.11.4) from /Users/agupta13/.rvm/gems/ruby-1.9.3-p484/specifications/padrino-gen-0.11.4.gemspec
I, [2014-04-11T17:37:24.450617 #83926]  INFO -- : 0:  padrino-mailer (0.11.4) from /Users/agupta13/.rvm/gems/ruby-1.9.3-p484/specifications/padrino-mailer-0.11.4.gemspec
I, [2014-04-11T17:37:24.450934 #83926]  INFO -- : 0:  padrino (0.11.4) from /Users/agupta13/.rvm/gems/ruby-1.9.3-p484/specifications/padrino-0.11.4.gemspec
I, [2014-04-11T17:37:24.451223 #83926]  INFO -- : 0:  temple (0.6.7) from /Users/agupta13/.rvm/gems/ruby-1.9.3-p484/specifications/temple-0.6.7.gemspec
I, [2014-04-11T17:37:24.451522 #83926]  INFO -- : 0:  slim (2.0.2) from /Users/agupta13/.rvm/gems/ruby-1.9.3-p484/specifications/slim-2.0.2.gemspec
I, [2014-04-11T17:38:02.037944 #84037]  INFO -- : 0:  rake (10.2.2) from /Users/agupta13/.rvm/gems/ruby-1.9.3-p484/specifications/rake-10.2.2.gemspec
I, [2014-04-11T17:38:02.038362 #84037]  INFO -- : 0:  i18n (0.6.9) from /Users/agupta13/.rvm/gems/ruby-1.9.3-p484/specifications/i18n-0.6.9.gemspec
I, [2014-04-11T17:38:02.038719 #84037]  INFO -- : 0:  multi_json (1.9.2) from /Users/agupta13/.rvm/gems/ruby-1.9.3-p484/specifications/multi_json-1.9.2.gemspec
I, [2014-04-11T17:38:02.039029 #84037]  INFO -- : 0:  activesupport (3.2.17) from /Users/agupta13/.rvm/gems/ruby-1.9.3-p484/specifications/activesupport-3.2.17.gemspec
I, [2014-04-11T17:38:02.039316 #84037]  INFO -- : 0:  bundler (1.5.1) from /Users/agupta13/.rvm/gems/ruby-1.9.3-p484/specifications/bundler-1.5.1.gemspec
I, [2014-04-11T17:38:02.039618 #84037]  INFO -- : 0:  rack (1.5.2) from /Users/agupta13/.rvm/gems/ruby-1.9.3-p484/specifications/rack-1.5.2.gemspec
I, [2014-04-11T17:38:02.039906 #84037]  INFO -- : 0:  url_mount (0.2.1) from /Users/agupta13/.rvm/gems/ruby-1.9.3-p484/specifications/url_mount-0.2.1.gemspec
I, [2014-04-11T17:38:02.040197 #84037]  INFO -- : 0:  http_router (0.11.1) from /Users/agupta13/.rvm/gems/ruby-1.9.3-p484/specifications/http_router-0.11.1.gemspec
I, [2014-04-11T17:38:02.040487 #84037]  INFO -- : 0:  json (1.8.1) from /Users/agupta13/.rvm/gems/ruby-1.9.3-p484/specifications/json-1.8.1.gemspec
I, [2014-04-11T17:38:02.040774 #84037]  INFO -- : 0:  multi_xml (0.5.5) from /Users/agupta13/.rvm/gems/ruby-1.9.3-p484/specifications/multi_xml-0.5.5.gemspec
I, [2014-04-11T17:38:02.041084 #84037]  INFO -- : 0:  httparty (0.13.1) from /Users/agupta13/.rvm/gems/ruby-1.9.3-p484/specifications/httparty-0.13.1.gemspec
I, [2014-04-11T17:38:02.041370 #84037]  INFO -- : 0:  mime-types (1.25.1) from /Users/agupta13/.rvm/gems/ruby-1.9.3-p484/specifications/mime-types-1.25.1.gemspec
I, [2014-04-11T17:38:02.041668 #84037]  INFO -- : 0:  polyglot (0.3.4) from /Users/agupta13/.rvm/gems/ruby-1.9.3-p484/specifications/polyglot-0.3.4.gemspec
I, [2014-04-11T17:38:02.041951 #84037]  INFO -- : 0:  treetop (1.4.15) from /Users/agupta13/.rvm/gems/ruby-1.9.3-p484/specifications/treetop-1.4.15.gemspec
I, [2014-04-11T17:38:02.042320 #84037]  INFO -- : 0:  mail (2.5.4) from /Users/agupta13/.rvm/gems/ruby-1.9.3-p484/specifications/mail-2.5.4.gemspec
I, [2014-04-11T17:38:02.042622 #84037]  INFO -- : 0:  rack-protection (1.5.3) from /Users/agupta13/.rvm/gems/ruby-1.9.3-p484/specifications/rack-protection-1.5.3.gemspec
I, [2014-04-11T17:38:02.042916 #84037]  INFO -- : 0:  tilt (1.4.1) from /Users/agupta13/.rvm/gems/ruby-1.9.3-p484/specifications/tilt-1.4.1.gemspec
I, [2014-04-11T17:38:02.043258 #84037]  INFO -- : 0:  sinatra (1.4.5) from /Users/agupta13/.rvm/gems/ruby-1.9.3-p484/specifications/sinatra-1.4.5.gemspec
I, [2014-04-11T17:38:02.043590 #84037]  INFO -- : 0:  thor (0.17.0) from /Users/agupta13/.rvm/gems/ruby-1.9.3-p484/specifications/thor-0.17.0.gemspec
I, [2014-04-11T17:38:02.043878 #84037]  INFO -- : 0:  padrino-core (0.11.4) from /Users/agupta13/.rvm/gems/ruby-1.9.3-p484/specifications/padrino-core-0.11.4.gemspec
I, [2014-04-11T17:38:02.044214 #84037]  INFO -- : 0:  padrino-helpers (0.11.4) from /Users/agupta13/.rvm/gems/ruby-1.9.3-p484/specifications/padrino-helpers-0.11.4.gemspec
I, [2014-04-11T17:38:02.044506 #84037]  INFO -- : 0:  padrino-admin (0.11.4) from /Users/agupta13/.rvm/gems/ruby-1.9.3-p484/specifications/padrino-admin-0.11.4.gemspec
I, [2014-04-11T17:38:02.044782 #84037]  INFO -- : 0:  padrino-cache (0.11.4) from /Users/agupta13/.rvm/gems/ruby-1.9.3-p484/specifications/padrino-cache-0.11.4.gemspec
I, [2014-04-11T17:38:02.045086 #84037]  INFO -- : 0:  padrino-gen (0.11.4) from /Users/agupta13/.rvm/gems/ruby-1.9.3-p484/specifications/padrino-gen-0.11.4.gemspec
I, [2014-04-11T17:38:02.045387 #84037]  INFO -- : 0:  padrino-mailer (0.11.4) from /Users/agupta13/.rvm/gems/ruby-1.9.3-p484/specifications/padrino-mailer-0.11.4.gemspec
I, [2014-04-11T17:38:02.045677 #84037]  INFO -- : 0:  padrino (0.11.4) from /Users/agupta13/.rvm/gems/ruby-1.9.3-p484/specifications/padrino-0.11.4.gemspec
I, [2014-04-11T17:38:02.045963 #84037]  INFO -- : 0:  temple (0.6.7) from /Users/agupta13/.rvm/gems/ruby-1.9.3-p484/specifications/temple-0.6.7.gemspec
I, [2014-04-11T17:38:02.046323 #84037]  INFO -- : 0:  slim (2.0.2) from /Users/agupta13/.rvm/gems/ruby-1.9.3-p484/specifications/slim-2.0.2.gemspec
I, [2014-04-11T17:38:04.926406 #84053]  INFO -- : 0:  rake (10.2.2) from /Users/agupta13/.rvm/gems/ruby-1.9.3-p484/specifications/rake-10.2.2.gemspec
I, [2014-04-11T17:38:04.926821 #84053]  INFO -- : 0:  i18n (0.6.9) from /Users/agupta13/.rvm/gems/ruby-1.9.3-p484/specifications/i18n-0.6.9.gemspec
I, [2014-04-11T17:38:04.927115 #84053]  INFO -- : 0:  multi_json (1.9.2) from /Users/agupta13/.rvm/gems/ruby-1.9.3-p484/specifications/multi_json-1.9.2.gemspec
I, [2014-04-11T17:38:04.927398 #84053]  INFO -- : 0:  activesupport (3.2.17) from /Users/agupta13/.rvm/gems/ruby-1.9.3-p484/specifications/activesupport-3.2.17.gemspec
I, [2014-04-11T17:38:04.927673 #84053]  INFO -- : 0:  rack (1.5.2) from /Users/agupta13/.rvm/gems/ruby-1.9.3-p484/specifications/rack-1.5.2.gemspec
I, [2014-04-11T17:38:04.927946 #84053]  INFO -- : 0:  url_mount (0.2.1) from /Users/agupta13/.rvm/gems/ruby-1.9.3-p484/specifications/url_mount-0.2.1.gemspec
I, [2014-04-11T17:38:04.928220 #84053]  INFO -- : 0:  http_router (0.11.1) from /Users/agupta13/.rvm/gems/ruby-1.9.3-p484/specifications/http_router-0.11.1.gemspec
I, [2014-04-11T17:38:04.928535 #84053]  INFO -- : 0:  json (1.8.1) from /Users/agupta13/.rvm/gems/ruby-1.9.3-p484/specifications/json-1.8.1.gemspec
I, [2014-04-11T17:38:04.928802 #84053]  INFO -- : 0:  multi_xml (0.5.5) from /Users/agupta13/.rvm/gems/ruby-1.9.3-p484/specifications/multi_xml-0.5.5.gemspec
I, [2014-04-11T17:38:04.929070 #84053]  INFO -- : 0:  httparty (0.13.1) from /Users/agupta13/.rvm/gems/ruby-1.9.3-p484/specifications/httparty-0.13.1.gemspec
I, [2014-04-11T17:38:04.929356 #84053]  INFO -- : 0:  mime-types (1.25.1) from /Users/agupta13/.rvm/gems/ruby-1.9.3-p484/specifications/mime-types-1.25.1.gemspec
I, [2014-04-11T17:38:04.929626 #84053]  INFO -- : 0:  polyglot (0.3.4) from /Users/agupta13/.rvm/gems/ruby-1.9.3-p484/specifications/polyglot-0.3.4.gemspec
I, [2014-04-11T17:38:04.929894 #84053]  INFO -- : 0:  treetop (1.4.15) from /Users/agupta13/.rvm/gems/ruby-1.9.3-p484/specifications/treetop-1.4.15.gemspec
I, [2014-04-11T17:38:04.930163 #84053]  INFO -- : 0:  mail (2.5.4) from /Users/agupta13/.rvm/gems/ruby-1.9.3-p484/specifications/mail-2.5.4.gemspec
I, [2014-04-11T17:38:04.930436 #84053]  INFO -- : 0:  rack-protection (1.5.3) from /Users/agupta13/.rvm/gems/ruby-1.9.3-p484/specifications/rack-protection-1.5.3.gemspec
I, [2014-04-11T17:38:04.930702 #84053]  INFO -- : 0:  tilt (1.4.1) from /Users/agupta13/.rvm/gems/ruby-1.9.3-p484/specifications/tilt-1.4.1.gemspec
I, [2014-04-11T17:38:04.930969 #84053]  INFO -- : 0:  sinatra (1.4.5) from /Users/agupta13/.rvm/gems/ruby-1.9.3-p484/specifications/sinatra-1.4.5.gemspec
I, [2014-04-11T17:38:04.931234 #84053]  INFO -- : 0:  thor (0.17.0) from /Users/agupta13/.rvm/gems/ruby-1.9.3-p484/specifications/thor-0.17.0.gemspec
I, [2014-04-11T17:38:04.931502 #84053]  INFO -- : 0:  padrino-core (0.11.4) from /Users/agupta13/.rvm/gems/ruby-1.9.3-p484/specifications/padrino-core-0.11.4.gemspec
I, [2014-04-11T17:38:04.931769 #84053]  INFO -- : 0:  padrino-helpers (0.11.4) from /Users/agupta13/.rvm/gems/ruby-1.9.3-p484/specifications/padrino-helpers-0.11.4.gemspec
I, [2014-04-11T17:38:04.935148 #84053]  INFO -- : 0:  padrino-admin (0.11.4) from /Users/agupta13/.rvm/gems/ruby-1.9.3-p484/specifications/padrino-admin-0.11.4.gemspec
I, [2014-04-11T17:38:04.935499 #84053]  INFO -- : 0:  padrino-cache (0.11.4) from /Users/agupta13/.rvm/gems/ruby-1.9.3-p484/specifications/padrino-cache-0.11.4.gemspec
I, [2014-04-11T17:38:04.935772 #84053]  INFO -- : 0:  bundler (1.5.1) from /Users/agupta13/.rvm/gems/ruby-1.9.3-p484/specifications/bundler-1.5.1.gemspec
I, [2014-04-11T17:38:04.936049 #84053]  INFO -- : 0:  padrino-gen (0.11.4) from /Users/agupta13/.rvm/gems/ruby-1.9.3-p484/specifications/padrino-gen-0.11.4.gemspec
I, [2014-04-11T17:38:04.936326 #84053]  INFO -- : 0:  padrino-mailer (0.11.4) from /Users/agupta13/.rvm/gems/ruby-1.9.3-p484/specifications/padrino-mailer-0.11.4.gemspec
I, [2014-04-11T17:38:04.936600 #84053]  INFO -- : 0:  padrino (0.11.4) from /Users/agupta13/.rvm/gems/ruby-1.9.3-p484/specifications/padrino-0.11.4.gemspec
I, [2014-04-11T17:38:04.936872 #84053]  INFO -- : 0:  temple (0.6.7) from /Users/agupta13/.rvm/gems/ruby-1.9.3-p484/specifications/temple-0.6.7.gemspec
I, [2014-04-11T17:38:04.937165 #84053]  INFO -- : 0:  slim (2.0.2) from /Users/agupta13/.rvm/gems/ruby-1.9.3-p484/specifications/slim-2.0.2.gemspec
I, [2014-04-12T23:45:17.076456 #40777]  INFO -- : 0:  rake (10.2.2) from /Users/agupta13/.rvm/gems/ruby-1.9.3-p484/specifications/rake-10.2.2.gemspec
I, [2014-04-12T23:45:17.078673 #40777]  INFO -- : 0:  i18n (0.6.9) from /Users/agupta13/.rvm/gems/ruby-1.9.3-p484/specifications/i18n-0.6.9.gemspec
I, [2014-04-12T23:45:17.079032 #40777]  INFO -- : 0:  multi_json (1.9.2) from /Users/agupta13/.rvm/gems/ruby-1.9.3-p484/specifications/multi_json-1.9.2.gemspec
I, [2014-04-12T23:45:17.079329 #40777]  INFO -- : 0:  activesupport (3.2.17) from /Users/agupta13/.rvm/gems/ruby-1.9.3-p484/specifications/activesupport-3.2.17.gemspec
I, [2014-04-12T23:45:17.079607 #40777]  INFO -- : 0:  bundler (1.5.1) from /Users/agupta13/.rvm/gems/ruby-1.9.3-p484/specifications/bundler-1.5.1.gemspec
I, [2014-04-12T23:45:17.079889 #40777]  INFO -- : 0:  rack (1.5.2) from /Users/agupta13/.rvm/gems/ruby-1.9.3-p484/specifications/rack-1.5.2.gemspec
I, [2014-04-12T23:45:17.080159 #40777]  INFO -- : 0:  url_mount (0.2.1) from /Users/agupta13/.rvm/gems/ruby-1.9.3-p484/specifications/url_mount-0.2.1.gemspec
I, [2014-04-12T23:45:17.080444 #40777]  INFO -- : 0:  http_router (0.11.1) from /Users/agupta13/.rvm/gems/ruby-1.9.3-p484/specifications/http_router-0.11.1.gemspec
I, [2014-04-12T23:45:17.080729 #40777]  INFO -- : 0:  multi_xml (0.5.5) from /Users/agupta13/.rvm/gems/ruby-1.9.3-p484/specifications/multi_xml-0.5.5.gemspec
I, [2014-04-12T23:45:22.272879 #40777]  INFO -- : 0:  httparty (0.9.0) from /Users/agupta13/.rvm/gems/ruby-1.9.3-p484/specifications/httparty-0.9.0.gemspec
I, [2014-04-12T23:45:22.273384 #40777]  INFO -- : 0:  mime-types (1.25.1) from /Users/agupta13/.rvm/gems/ruby-1.9.3-p484/specifications/mime-types-1.25.1.gemspec
I, [2014-04-12T23:45:22.273707 #40777]  INFO -- : 0:  polyglot (0.3.4) from /Users/agupta13/.rvm/gems/ruby-1.9.3-p484/specifications/polyglot-0.3.4.gemspec
I, [2014-04-12T23:45:22.274005 #40777]  INFO -- : 0:  treetop (1.4.15) from /Users/agupta13/.rvm/gems/ruby-1.9.3-p484/specifications/treetop-1.4.15.gemspec
I, [2014-04-12T23:45:22.274314 #40777]  INFO -- : 0:  mail (2.5.4) from /Users/agupta13/.rvm/gems/ruby-1.9.3-p484/specifications/mail-2.5.4.gemspec
I, [2014-04-12T23:45:22.274646 #40777]  INFO -- : 0:  rack-protection (1.5.3) from /Users/agupta13/.rvm/gems/ruby-1.9.3-p484/specifications/rack-protection-1.5.3.gemspec
I, [2014-04-12T23:45:22.274975 #40777]  INFO -- : 0:  tilt (1.4.1) from /Users/agupta13/.rvm/gems/ruby-1.9.3-p484/specifications/tilt-1.4.1.gemspec
I, [2014-04-12T23:45:22.275293 #40777]  INFO -- : 0:  sinatra (1.4.5) from /Users/agupta13/.rvm/gems/ruby-1.9.3-p484/specifications/sinatra-1.4.5.gemspec
I, [2014-04-12T23:45:22.275606 #40777]  INFO -- : 0:  thor (0.17.0) from /Users/agupta13/.rvm/gems/ruby-1.9.3-p484/specifications/thor-0.17.0.gemspec
I, [2014-04-12T23:45:22.276074 #40777]  INFO -- : 0:  padrino-core (0.11.4) from /Users/agupta13/.rvm/gems/ruby-1.9.3-p484/specifications/padrino-core-0.11.4.gemspec
I, [2014-04-12T23:45:22.276391 #40777]  INFO -- : 0:  padrino-helpers (0.11.4) from /Users/agupta13/.rvm/gems/ruby-1.9.3-p484/specifications/padrino-helpers-0.11.4.gemspec
I, [2014-04-12T23:45:22.276700 #40777]  INFO -- : 0:  padrino-admin (0.11.4) from /Users/agupta13/.rvm/gems/ruby-1.9.3-p484/specifications/padrino-admin-0.11.4.gemspec
I, [2014-04-12T23:45:22.277007 #40777]  INFO -- : 0:  padrino-cache (0.11.4) from /Users/agupta13/.rvm/gems/ruby-1.9.3-p484/specifications/padrino-cache-0.11.4.gemspec
I, [2014-04-12T23:45:22.277315 #40777]  INFO -- : 0:  padrino-gen (0.11.4) from /Users/agupta13/.rvm/gems/ruby-1.9.3-p484/specifications/padrino-gen-0.11.4.gemspec
I, [2014-04-12T23:45:22.277623 #40777]  INFO -- : 0:  padrino-mailer (0.11.4) from /Users/agupta13/.rvm/gems/ruby-1.9.3-p484/specifications/padrino-mailer-0.11.4.gemspec
I, [2014-04-12T23:45:22.277951 #40777]  INFO -- : 0:  padrino (0.11.4) from /Users/agupta13/.rvm/gems/ruby-1.9.3-p484/specifications/padrino-0.11.4.gemspec
I, [2014-04-12T23:45:22.278264 #40777]  INFO -- : 0:  temple (0.6.7) from /Users/agupta13/.rvm/gems/ruby-1.9.3-p484/specifications/temple-0.6.7.gemspec
I, [2014-04-12T23:45:22.278582 #40777]  INFO -- : 0:  slim (2.0.2) from /Users/agupta13/.rvm/gems/ruby-1.9.3-p484/specifications/slim-2.0.2.gemspec
